00:50:24 - INFO - 🚀 ENHANCED MULTI-ACCOUNT TRADING SYSTEM
00:50:24 - INFO - 📝 Log: trading_system_20250830_005024.log
00:50:24 - INFO - 🔧 Initializing system components...
00:50:24 - INFO - ✅ All components initialized
00:50:24 - INFO - 🔐 Starting authentication process...
00:50:24 - INFO - Credentials loaded successfully
00:50:24 - INFO - 📋 Using credentials for: david.s.stowe@gmail.com
00:50:24 - INFO - ✅ Browser DID configured (helps prevent image verification)
00:50:24 - INFO - Credentials loaded successfully
00:50:24 - INFO - 🔍 Checking for existing session...
00:50:24 - INFO - 📦 Session loaded, verifying with server...
00:50:25 - INFO - ✅ Existing session verified and active!
00:50:25 - INFO - 🔍 Discovering accounts...
00:50:26 - INFO - 📊 Found 4 account(s) from Webull API
00:50:26 - INFO - ✅ Successfully discovered 2 active accounts
00:50:26 - INFO - 📊 ACCOUNT SUMMARY
00:50:26 - INFO -    Total Accounts: 2
00:50:26 - INFO -    Total Value: $354.85
00:50:26 - INFO -    Available Cash: $300.73
00:50:26 - INFO - Account 1: Cash Account - ✅ ENABLED
00:50:26 - INFO -    Balance: $186.10
00:50:26 - INFO -    Available: $173.97
00:50:26 - INFO -    Positions: 2
00:50:26 - INFO -    Day Trading: ✅ | Options: ✅
00:50:26 - INFO - Account 2: Margin Account - ✅ ENABLED
00:50:26 - INFO -    Balance: $168.75
00:50:26 - INFO -    Available: $126.76
00:50:26 - INFO -    Positions: 6
00:50:26 - INFO -    Day Trading: ✅ | Options: ✅
00:50:26 - INFO - 🔄 Syncing actual Webull data to database...
00:50:26 - INFO - 🔄 Starting Webull data synchronization...
00:50:26 - INFO - 🔄 Starting Webull data synchronization...
00:50:26 - INFO - 📊 Syncing data for 2 accounts
00:50:26 - INFO - 🔄 Syncing Account 1/2: Cash Account
00:50:26 - INFO -    📈 Syncing trade history (30 days)...
00:50:26 - INFO - 📊 Fetching trade history for Cash Account account...
00:50:29 - INFO - ✅ Retrieved 1514 orders from Webull
00:50:29 - INFO - 📋 Filtered to 82 FILLED orders (last 30 days)
00:50:29 - INFO -    ✅ Synced: SELL 0.11263 D @ $59.90 (2025-08-28) - FILLED
00:50:29 - INFO -    ✅ Synced: SELL 0.16898 SO @ $92.69 (2025-08-28) - FILLED
00:50:29 - INFO -    ✅ Synced: SELL 0.01701 BLK @ $1131.09 (2025-08-28) - FILLED
00:50:29 - INFO -    ✅ Synced: SELL 0.08683 OKTA @ $90.90 (2025-08-28) - FILLED
00:50:29 - INFO -    ✅ Synced: SELL 0.01779 MCD @ $310.45 (2025-08-28) - FILLED
00:50:29 - INFO -    ✅ Synced: SELL 0.01641 SHW @ $365.48 (2025-08-28) - FILLED
00:50:29 - INFO -    ✅ Synced: SELL 0.0325 AAPL @ $231.44 (2025-08-28) - FILLED
00:50:29 - INFO -    ✅ Synced: SELL 0.03932 NVDA @ $178.98 (2025-08-28) - FILLED
00:50:29 - INFO -    ✅ Synced: SELL 0.00466 NFLX @ $1223.59 (2025-08-28) - FILLED
00:50:29 - INFO -    ✅ Synced: SELL 0.02924 ZS @ $278.71 (2025-08-28) - FILLED
00:50:29 - INFO -    ✅ Synced: SELL 0.04642 JPM @ $300.51 (2025-08-28) - FILLED
00:50:29 - INFO -    ✅ Synced: SELL 0.02559 GOOGL @ $210.94 (2025-08-28) - FILLED
00:50:29 - INFO -    ✅ Synced: SELL 0.02188 BA @ $235.56 (2025-08-28) - FILLED
00:50:29 - INFO -    ✅ Synced: SELL 0.08019 ES @ $64.53 (2025-08-28) - FILLED
00:50:29 - INFO -    ✅ Synced: SELL 0.03134 AMZN @ $231.86 (2025-08-28) - FILLED
00:50:29 - INFO -    ✅ Synced: SELL 0.01829 TSLA @ $341.03 (2025-08-28) - FILLED
00:50:29 - INFO -    ✅ Synced: SELL 0.20229 WFC @ $82.56 (2025-08-28) - FILLED
00:50:29 - INFO -    ✅ Synced: SELL 0.03596 NET @ $211.62 (2025-08-28) - FILLED
00:50:29 - INFO -    ✅ Synced: BUY 0.01641 SHW @ $365.74 (2025-08-25) - FILLED
00:50:29 - INFO -    ✅ Synced: BUY 0.02188 BA @ $228.60 (2025-08-25) - FILLED
00:50:29 - INFO -    ✅ Synced: BUY 0.08019 ES @ $62.43 (2025-08-25) - FILLED
00:50:29 - INFO -    ✅ Synced: BUY 0.0378 KMB @ $132.33 (2025-08-25) - FILLED
00:50:29 - INFO -    ✅ Synced: BUY 0.01779 MCD @ $314.76 (2025-08-22) - FILLED
00:50:29 - INFO -    ✅ Synced: BUY 0.00488 BLK @ $1149.45 (2025-08-22) - FILLED
00:50:29 - INFO -    ✅ Synced: BUY 0.00466 NFLX @ $1202.85 (2025-08-22) - FILLED
00:50:29 - INFO -    ✅ Synced: BUY 0.01897 JPM @ $296.59 (2025-08-22) - FILLED
00:50:29 - INFO -    ✅ Synced: BUY 0.02924 ZS @ $273.84 (2025-08-22) - FILLED
00:50:29 - INFO -    ✅ Synced: BUY 0.03596 NET @ $194.99 (2025-08-22) - FILLED
00:50:29 - INFO -    ✅ Synced: BUY 0.08444 SO @ $94.75 (2025-08-22) - FILLED
00:50:29 - INFO -    ✅ Synced: BUY 0.00607 BLK @ $1154.50 (2025-08-22) - FILLED
00:50:29 - INFO -    ✅ Synced: BUY 0.1011 WFC @ $79.13 (2025-08-22) - FILLED
00:50:29 - INFO -    ✅ Synced: BUY 0.03932 NVDA @ $177.99 (2025-08-22) - FILLED
00:50:29 - INFO -    ✅ Synced: BUY 0.08683 OKTA @ $92.18 (2025-08-22) - FILLED
00:50:29 - INFO -    ✅ Synced: BUY 0.11263 D @ $62.16 (2025-08-22) - FILLED
00:50:29 - INFO -    ✅ Synced: BUY 0.08454 SO @ $94.61 (2025-08-22) - FILLED
00:50:29 - INFO -    ✅ Synced: BUY 0.10119 WFC @ $79.08 (2025-08-22) - FILLED
00:50:29 - INFO -    ✅ Synced: BUY 0.00606 BLK @ $1155.32 (2025-08-22) - FILLED
00:50:29 - INFO -    ✅ Synced: BUY 0.02745 JPM @ $291.39 (2025-08-20) - FILLED
00:50:29 - INFO -    ✅ Synced: BUY 0.03134 AMZN @ $223.38 (2025-08-20) - FILLED
00:50:29 - INFO -    ✅ Synced: BUY 0.02559 GOOGL @ $205.17 (2025-08-15) - FILLED
00:50:29 - INFO -    ✅ Synced: BUY 0.01431 MSFT @ $523.97 (2025-08-15) - FILLED
00:50:29 - INFO -    ✅ Synced: BUY 0.0325 AAPL @ $230.76 (2025-08-15) - FILLED
00:50:29 - INFO -    ✅ Synced: BUY 0.01829 TSLA @ $327.97 (2025-08-15) - FILLED
00:50:29 - INFO -    ✅ Synced: SELL 0.0162 TSLA @ $334.56 (2025-08-14) - FILLED
00:50:29 - INFO -    ✅ Synced: SELL 0.08177 D @ $61.27 (2025-08-14) - FILLED
00:50:29 - INFO -    ✅ Synced: SELL 0.03317 PG @ $153.78 (2025-08-14) - FILLED
00:50:29 - INFO -    ✅ Synced: SELL 0.09077 AAPL @ $232.89 (2025-08-14) - FILLED
00:50:29 - INFO -    ✅ Synced: SELL 0.03883 TJX @ $133.26 (2025-08-14) - FILLED
00:50:29 - INFO -    ✅ Synced: SELL 0.08056 DUK @ $124.62 (2025-08-14) - FILLED
00:50:29 - INFO -    ✅ Synced: SELL 0.06015 CL @ $84.73 (2025-08-14) - FILLED
00:50:29 - INFO -    ✅ Synced: SELL 0.22163 EXC @ $44.81 (2025-08-14) - FILLED
00:50:29 - INFO -    ✅ Synced: SELL 0.05295 SO @ $94.19 (2025-08-14) - FILLED
00:50:29 - INFO -    ✅ Synced: SELL 0.06767 XEL @ $72.59 (2025-08-14) - FILLED
00:50:29 - INFO -    ✅ Synced: SELL 0.06813 AWK @ $143.58 (2025-08-14) - FILLED
00:50:29 - INFO -    ✅ Synced: SELL 0.06245 K @ $80.08 (2025-08-14) - FILLED
00:50:29 - INFO -    ✅ Synced: SELL 0.10132 GIS @ $49.70 (2025-08-14) - FILLED
00:50:29 - INFO -    ✅ Synced: SELL 0.04661 XOM @ $107.28 (2025-08-14) - FILLED
00:50:29 - INFO -    ✅ Synced: SELL 0.0069 GS @ $745.58 (2025-08-14) - FILLED
00:50:29 - INFO -    ✅ Synced: SELL 0.11211 USB @ $46.69 (2025-08-14) - FILLED
00:50:29 - INFO -    ✅ Synced: SELL 0.0141 MSFT @ $521.70 (2025-08-14) - FILLED
00:50:29 - INFO -    ✅ Synced: SELL 0.05804 GOOGL @ $203.09 (2025-08-14) - FILLED
00:50:29 - INFO -    ✅ Synced: BUY 0.02717 AAPL @ $233.81 (2025-08-13) - FILLED
00:50:29 - INFO -    ✅ Synced: BUY 0.0141 MSFT @ $527.83 (2025-08-13) - FILLED
00:50:29 - INFO -    ✅ Synced: BUY 0.02614 GOOGL @ $203.28 (2025-08-13) - FILLED
00:50:29 - INFO -    ✅ Synced: BUY 0.0319 GOOGL @ $203.21 (2025-08-13) - FILLED
00:50:29 - INFO -    ✅ Synced: BUY 0.03902 AAPL @ $232.57 (2025-08-13) - FILLED
00:50:29 - INFO -    ✅ Synced: BUY 0.06015 CL @ $83.13 (2025-08-05) - FILLED
00:50:29 - INFO -    ✅ Synced: BUY 0.11211 USB @ $44.60 (2025-08-05) - FILLED
00:50:29 - INFO -    ✅ Synced: BUY 0.05295 SO @ $94.45 (2025-08-05) - FILLED
00:50:29 - INFO -    ✅ Synced: BUY 0.03883 TJX @ $128.82 (2025-08-05) - FILLED
00:50:29 - INFO -    ✅ Synced: BUY 0.10132 GIS @ $49.35 (2025-08-05) - FILLED
00:50:29 - INFO -    ✅ Synced: BUY 0.02458 AAPL @ $203.41 (2025-08-05) - FILLED
00:50:29 - INFO -    ✅ Synced: BUY 0.0069 GS @ $725.86 (2025-08-05) - FILLED
00:50:29 - INFO -    ✅ Synced: BUY 0.04661 XOM @ $107.29 (2025-08-04) - FILLED
00:50:29 - INFO -    ✅ Synced: BUY 0.06245 K @ $80.07 (2025-08-04) - FILLED
00:50:29 - INFO -    ✅ Synced: BUY 0.03317 PG @ $150.75 (2025-08-04) - FILLED
00:50:29 - INFO -    ✅ Synced: BUY 0.0162 TSLA @ $308.70 (2025-08-04) - FILLED
00:50:29 - INFO -    ✅ Synced: BUY 0.06767 XEL @ $73.89 (2025-08-04) - FILLED
00:50:29 - INFO -    ✅ Synced: BUY 0.08177 D @ $61.17 (2025-08-04) - FILLED
00:50:29 - INFO -    ✅ Synced: BUY 0.06813 AWK @ $146.79 (2025-08-04) - FILLED
00:50:29 - INFO -    ✅ Synced: BUY 0.22163 EXC @ $45.12 (2025-08-04) - FILLED
00:50:29 - INFO -    ✅ Synced: BUY 0.08056 DUK @ $124.14 (2025-08-04) - FILLED
00:50:29 - INFO - ✅ Synced 82 completed trades
00:50:29 - INFO -    Date range: 2025-08-04 to 2025-08-28
00:50:29 - INFO -    ✅ Synced 82 trades
00:50:29 - INFO -    💼 Syncing current positions...
00:50:30 - INFO -    ✅ Synced 2 positions
00:50:30 - INFO -    ✅ Account sync complete
00:50:31 - INFO - 🔄 Syncing Account 2/2: Margin Account
00:50:31 - INFO -    📈 Syncing trade history (30 days)...
00:50:31 - INFO - 📊 Fetching trade history for Margin Account account...
00:50:37 - INFO - ✅ Retrieved 817 orders from Webull
00:50:37 - INFO - 📋 Filtered to 77 FILLED orders (last 30 days)
00:50:37 - INFO -    ✅ Synced: BUY 0.14976 BMY @ $46.75 (2025-08-28) - FILLED
00:50:37 - INFO -    ✅ Synced: BUY 0.05355 ABT @ $130.73 (2025-08-28) - FILLED
00:50:37 - INFO -    ✅ Synced: BUY 0.03986 JNJ @ $175.62 (2025-08-28) - FILLED
00:50:37 - INFO -    ✅ Synced: BUY 0.00571 NFLX @ $1224.94 (2025-08-28) - FILLED
00:50:37 - INFO -    ✅ Synced: BUY 0.00933 META @ $749.93 (2025-08-28) - FILLED
00:50:37 - INFO -    ✅ Synced: BUY 0.03022 AAPL @ $231.63 (2025-08-28) - FILLED
00:50:37 - INFO -    ✅ Synced: SELL 0.11238 D @ $59.95 (2025-08-28) - FILLED
00:50:37 - INFO -    ✅ Synced: SELL 0.14262 KMB @ $128.67 (2025-08-28) - FILLED
00:50:37 - INFO -    ✅ Synced: SELL 0.24078 ES @ $64.51 (2025-08-28) - FILLED
00:50:37 - INFO -    ✅ Synced: SELL 0.15597 EXC @ $44.00 (2025-08-28) - FILLED
00:50:37 - INFO -    ✅ Synced: SELL 0.03528 PG @ $155.58 (2025-08-28) - FILLED
00:50:37 - INFO -    ✅ Synced: SELL 0.0949 ABT @ $130.59 (2025-08-28) - FILLED
00:50:37 - INFO -    ✅ Synced: SELL 0.0871 OKTA @ $90.92 (2025-08-28) - FILLED
00:50:37 - INFO -    ✅ Synced: SELL 0.02782 HSY @ $178.72 (2025-08-28) - FILLED
00:50:37 - INFO -    ✅ Synced: SELL 0.00943 META @ $749.79 (2025-08-28) - FILLED
00:50:37 - INFO -    ✅ Synced: SELL 0.02916 ZS @ $278.81 (2025-08-28) - FILLED
00:50:37 - INFO -    ✅ Synced: SELL 0.01163 NFLX @ $1224.19 (2025-08-28) - FILLED
00:50:37 - INFO -    ✅ Synced: SELL 0.05444 JPM @ $300.62 (2025-08-28) - FILLED
00:50:37 - INFO -    ✅ Synced: SELL 0.00966 GS @ $749.34 (2025-08-28) - FILLED
00:50:37 - INFO -    ✅ Synced: SELL 0.14347 WFC @ $82.62 (2025-08-28) - FILLED
00:50:37 - INFO -    ✅ Synced: SELL 0.1265 BAC @ $50.52 (2025-08-28) - FILLED
00:50:37 - INFO -    ✅ Synced: BUY 0.03784 KMB @ $132.14 (2025-08-25) - FILLED
00:50:37 - INFO -    ✅ Synced: BUY 0.02782 HSY @ $179.83 (2025-08-25) - FILLED
00:50:37 - INFO -    ✅ Synced: BUY 0.06269 WFC @ $79.78 (2025-08-25) - FILLED
00:50:37 - INFO -    ✅ Synced: BUY 0.03528 PG @ $158.71 (2025-08-22) - FILLED
00:50:37 - INFO -    ✅ Synced: BUY 0.08078 WFC @ $79.22 (2025-08-22) - FILLED
00:50:37 - INFO -    ✅ Synced: BUY 0.04215 ABT @ $132.84 (2025-08-22) - FILLED
00:50:37 - INFO -    ✅ Synced: BUY 0.0871 OKTA @ $91.87 (2025-08-22) - FILLED
00:50:37 - INFO -    ✅ Synced: BUY 0.12026 ES @ $66.55 (2025-08-22) - FILLED
00:50:37 - INFO -    ✅ Synced: BUY 0.11238 D @ $62.29 (2025-08-22) - FILLED
00:50:37 - INFO -    ✅ Synced: BUY 0.05237 KMB @ $133.68 (2025-08-22) - FILLED
00:50:37 - INFO -    ✅ Synced: BUY 0.02916 ZS @ $274.70 (2025-08-22) - FILLED
00:50:37 - INFO -    ✅ Synced: BUY 0.12052 ES @ $66.38 (2025-08-22) - FILLED
00:50:37 - INFO -    ✅ Synced: BUY 0.15597 EXC @ $44.88 (2025-08-22) - FILLED
00:50:37 - INFO -    ✅ Synced: BUY 0.05241 KMB @ $133.55 (2025-08-22) - FILLED
00:50:37 - INFO -    ✅ Synced: BUY 0.02703 JPM @ $296.02 (2025-08-22) - FILLED
00:50:37 - INFO -    ✅ Synced: BUY 0.00581 NFLX @ $1203.84 (2025-08-22) - FILLED
00:50:38 - INFO -    ✅ Synced: BUY 0.05275 ABT @ $132.70 (2025-08-20) - FILLED
00:50:38 - INFO -    ✅ Synced: BUY 0.00943 META @ $742.58 (2025-08-20) - FILLED
00:50:38 - INFO -    ✅ Synced: BUY 0.02741 JPM @ $291.86 (2025-08-19) - FILLED
00:50:38 - INFO -    ✅ Synced: BUY 0.00966 GS @ $725.06 (2025-08-19) - FILLED
00:50:38 - INFO -    ✅ Synced: BUY 0.00582 NFLX @ $1201.91 (2025-08-19) - FILLED
00:50:38 - INFO -    ✅ Synced: BUY 0.1265 BAC @ $47.43 (2025-08-18) - FILLED
00:50:38 - INFO -    ✅ Synced: SELL 0.07275 KO @ $69.54 (2025-08-14) - FILLED
00:50:38 - INFO -    ✅ Synced: SELL 0.05462 AAPL @ $232.77 (2025-08-14) - FILLED
00:50:38 - INFO -    ✅ Synced: SELL 0.03166 RTX @ $155.04 (2025-08-14) - FILLED
00:50:38 - INFO -    ✅ Synced: SELL 0.06571 AEP @ $112.92 (2025-08-14) - FILLED
00:50:38 - INFO -    ✅ Synced: SELL 0.40211 HAL @ $21.29 (2025-08-14) - FILLED
00:50:38 - INFO -    ✅ Synced: SELL 0.01712 JPM @ $293.18 (2025-08-14) - FILLED
00:50:38 - INFO -    ✅ Synced: SELL 0.04064 CVX @ $155.34 (2025-08-14) - FILLED
00:50:38 - INFO -    ✅ Synced: SELL 0.46232 DOW @ $23.36 (2025-08-14) - FILLED
00:50:38 - INFO -    ✅ Synced: SELL 0.04454 GOOGL @ $203.22 (2025-08-14) - FILLED
00:50:38 - INFO -    ✅ Synced: SELL 0.04279 MSFT @ $522.00 (2025-08-14) - FILLED
00:50:38 - INFO -    ✅ Synced: SELL 0.02542 ABBV @ $204.70 (2025-08-14) - FILLED
00:50:38 - INFO -    ✅ Synced: SELL 0.01642 MCD @ $309.13 (2025-08-14) - FILLED
00:50:38 - INFO -    ✅ Synced: SELL 0.02139 LOW @ $253.02 (2025-08-14) - FILLED
00:50:38 - INFO -    ✅ Synced: SELL 0.06658 NKE @ $76.41 (2025-08-14) - FILLED
00:50:38 - INFO -    ✅ Synced: SELL 0.01306 HD @ $400.73 (2025-08-14) - FILLED
00:50:38 - INFO -    ✅ Synced: SELL 0.02139 AEP @ $112.92 (2025-08-13) - FILLED
00:50:38 - INFO -    ✅ Synced: BUY 0.02405 MSFT @ $527.85 (2025-08-13) - FILLED
00:50:38 - INFO -    ✅ Synced: BUY 0.04454 GOOGL @ $203.55 (2025-08-13) - FILLED
00:50:38 - INFO -    ✅ Synced: BUY 0.05462 AAPL @ $232.38 (2025-08-13) - FILLED
00:50:38 - INFO -    ✅ Synced: BUY 0.40211 HAL @ $20.89 (2025-08-08) - FILLED
00:50:38 - INFO -    ✅ Synced: BUY 0.04064 CVX @ $155.03 (2025-08-08) - FILLED
00:50:38 - INFO -    ✅ Synced: SELL 0.22936 HAL @ $21.00 (2025-08-07) - FILLED
00:50:38 - INFO -    ✅ Synced: BUY 0.06658 NKE @ $75.10 (2025-08-05) - FILLED
00:50:38 - INFO -    ✅ Synced: BUY 0.01306 HD @ $383.23 (2025-08-05) - FILLED
00:50:38 - INFO -    ✅ Synced: BUY 0.02542 ABBV @ $196.69 (2025-08-05) - FILLED
00:50:38 - INFO -    ✅ Synced: BUY 0.02139 LOW @ $233.74 (2025-08-04) - FILLED
00:50:38 - INFO -    ✅ Synced: BUY 0.01642 MCD @ $304.57 (2025-08-04) - FILLED
00:50:38 - INFO -    ✅ Synced: BUY 0.22936 HAL @ $21.80 (2025-08-04) - FILLED
00:50:38 - INFO -    ✅ Synced: BUY 0.01712 JPM @ $292.14 (2025-08-04) - FILLED
00:50:38 - INFO -    ✅ Synced: BUY 0.07275 KO @ $68.74 (2025-08-04) - FILLED
00:50:38 - INFO -    ✅ Synced: BUY 0.03166 RTX @ $157.95 (2025-08-04) - FILLED
00:50:38 - INFO -    ✅ Synced: BUY 0.46232 DOW @ $21.64 (2025-08-04) - FILLED
00:50:38 - INFO -    ✅ Synced: BUY 0.01874 MSFT @ $533.57 (2025-08-04) - FILLED
00:50:38 - INFO -    ✅ Synced: BUY 0.0871 AEP @ $114.85 (2025-08-04) - FILLED
00:50:38 - INFO - ✅ Synced 77 completed trades
00:50:38 - INFO -    Date range: 2025-08-04 to 2025-08-28
00:50:38 - INFO -    ✅ Synced 77 trades
00:50:38 - INFO -    💼 Syncing current positions...
00:50:38 - INFO -    ✅ Synced 6 positions
00:50:38 - INFO -    ✅ Account sync complete
00:50:39 - INFO - 📊 SYNC SUMMARY
00:50:39 - INFO -    Accounts: 2
00:50:39 - INFO -    Trades: 159
00:50:39 - INFO -    Positions: 8
00:50:39 - INFO -    Errors: 0
00:50:39 - INFO - 🎉 Data synchronization completed successfully!
00:50:39 - INFO - ✅ Data synchronization completed successfully!
00:50:39 - INFO - 📊 SYSTEM STATUS
00:50:39 - INFO -    Authentication: ✅
00:50:39 - INFO -    Accounts Loaded: 2
00:50:39 - INFO -    Enabled for Trading: 2
00:50:39 - INFO - 🎉 SYSTEM READY FOR TRADING
00:50:39 - INFO - ✅ Core system initialized
00:50:39 - INFO - Initializing Wyckoff Trading System...
00:50:39 - INFO - Performing initial market scan...
00:50:39 - INFO - Scanning 40 symbols for Wyckoff patterns
00:50:40 - INFO - Scan completed: 18 opportunities found
00:50:40 - INFO - Created watchlist with 18 symbols
00:50:40 - INFO - ✅ Wyckoff Trading System initialized successfully
00:50:40 - INFO - ✅ Wyckoff trading system initialized
00:50:40 - INFO - 🔄 Running single Wyckoff trading cycle
00:50:40 - INFO - 🔄 Starting Wyckoff trading cycle
00:50:40 - INFO - Downloading data for 18 symbols
00:50:43 - INFO - Successfully downloaded data for 18 symbols
00:50:43 - INFO - Generating signals for 18 symbols
00:50:43 - INFO - Generated buy signal for MRK with 70.0% confidence
00:50:43 - INFO - Generated 1 total signals
00:50:43 - INFO - Would execute FRACTIONAL buy for MRK: $27.62 (0.328 shares) at $84.12
00:50:43 - INFO - ✅ Cycle completed in 2.5s - 1 signals, 1 trades
00:50:43 - INFO - Cycle #1 completed in 2.5s: 1/1 signals, 1 trades executed
00:50:43 - INFO - Top signals: MRK
